<?xml version="1.0" encoding="UTF-8"?>
<testsuite name="com.tcs.proyectoscreenplay.runners.SelectProduct" tests="0" skipped="0" failures="0" errors="0" timestamp="1970-01-01T00:00:00" hostname="MARIACAMILA" time="0.0">
  <properties/>
  <system-out><![CDATA[
2 Scenarios (?[33m2 undefined?[0m)
10 Steps (?[33m10 undefined?[0m)
0m0,869s


You can implement missing steps with the snippets below:


@Given("^the user is in the application https://www\\.linio\\.com\\.co/$")
public void theUserIsInTheApplicationHttpsWwwLinioComCo() {
    // Write code here that turns the phrase above into concrete actions
    throw new PendingException();
}

@Given("^the user enters the Home category and selects the Mattresses, Bed Bases and Pillows section$")
public void theUserEntersTheHomeCategoryAndSelectsTheMattressesBedBasesAndPillowsSection() {
    // Write code here that turns the phrase above into concrete actions
    throw new PendingException();
}

@When("^the user selects the product Super Mega Combo Blue Queen (\\d+)x(\\d+) Spring Marshall$")
public void theUserSelectsTheProductSuperMegaComboBlueQueenXSpringMarshall(int arg1, int arg2) {
    // Write code here that turns the phrase above into concrete actions
    throw new PendingException();
}

@When("^the user adds (\\d+) products to the cart$")
public void theUserAddsProductsToTheCart(int arg1) {
    // Write code here that turns the phrase above into concrete actions
    throw new PendingException();
}

@When("^the user clicks \"([^\"]*)\"$")
public void theUserClicks(String arg1) {
    // Write code here that turns the phrase above into concrete actions
    throw new PendingException();
}

@Then("^the user should check the order summary$")
public void theUserShouldCheckTheOrderSummary() {
    // Write code here that turns the phrase above into concrete actions
    throw new PendingException();
}

@When("^the user selects the shopping cart$")
public void theUserSelectsTheShoppingCart() {
    // Write code here that turns the phrase above into concrete actions
    throw new PendingException();
}

@Then("^the user removes the products from the shopping cart$")
public void theUserRemovesTheProductsFromTheShoppingCart() {
    // Write code here that turns the phrase above into concrete actions
    throw new PendingException();
}

@Then("^the user sees the message \"([^\"]*)\"$")
public void theUserSeesTheMessage(String arg1) {
    // Write code here that turns the phrase above into concrete actions
    throw new PendingException();
}

]]></system-out>
  <system-err><![CDATA[SLF4J: Failed to load class "org.slf4j.impl.StaticLoggerBinder".
SLF4J: Defaulting to no-operation (NOP) logger implementation
SLF4J: See http://www.slf4j.org/codes.html#StaticLoggerBinder for further details.
]]></system-err>
</testsuite>
